<?xml version="1.0" encoding="UTF-8"?>
<!-- Generated by org.testng.reporters.JUnitXMLReporter -->
<testsuite hostname="DESKTOP-19NCAKV" ignored="0" name="Test" tests="15" failures="0" timestamp="2022-05-31T19:33:11 IST" time="0.319" errors="0">
  <testcase name="@BeforeClass setUp" time="-1.654005791201E9" classname="ati.website.BaseClass">
    <failure type="org.testng.TestNGException" message="
Parameter &amp;apos;browser&amp;apos; is required by BeforeClass on method setUp but has not been marked @Optional or defined
in C:\Users\dhano\Desktop\eclipse-workspace\SeleniumOperations\ati.xml">
      <![CDATA[org.testng.TestNGException: 
Parameter 'browser' is required by BeforeClass on method setUp but has not been marked @Optional or defined
in C:\Users\dhano\Desktop\eclipse-workspace\SeleniumOperations\ati.xml
at java.util.ArrayList.forEach(ArrayList.java:1259)
... Removed 22 stack frames]]>
    </failure>
  </testcase> <!-- @BeforeClass setUp -->
  <testcase name="@AfterClass tearDown" time="0.0" classname="ati.website.BaseClass">
    <skipped/>
  </testcase> <!-- @AfterClass tearDown -->
  <testcase name="@BeforeClass setUp" time="-1.654005791264E9" classname="ati.website.BaseClass">
    <failure type="org.testng.TestNGException" message="
Parameter &amp;apos;browser&amp;apos; is required by BeforeClass on method setUp but has not been marked @Optional or defined
in C:\Users\dhano\Desktop\eclipse-workspace\SeleniumOperations\ati.xml">
      <![CDATA[org.testng.TestNGException: 
Parameter 'browser' is required by BeforeClass on method setUp but has not been marked @Optional or defined
in C:\Users\dhano\Desktop\eclipse-workspace\SeleniumOperations\ati.xml
at java.util.ArrayList.forEach(ArrayList.java:1259)
... Removed 22 stack frames]]>
    </failure>
  </testcase> <!-- @BeforeClass setUp -->
  <testcase name="@AfterClass tearDown" time="0.0" classname="ati.website.BaseClass">
    <skipped/>
  </testcase> <!-- @AfterClass tearDown -->
  <testcase name="@BeforeClass setUp" time="-1.654005791288E9" classname="ati.website.BaseClass">
    <failure type="org.testng.TestNGException" message="
Parameter &amp;apos;browser&amp;apos; is required by BeforeClass on method setUp but has not been marked @Optional or defined
in C:\Users\dhano\Desktop\eclipse-workspace\SeleniumOperations\ati.xml">
      <![CDATA[org.testng.TestNGException: 
Parameter 'browser' is required by BeforeClass on method setUp but has not been marked @Optional or defined
in C:\Users\dhano\Desktop\eclipse-workspace\SeleniumOperations\ati.xml
at java.util.ArrayList.forEach(ArrayList.java:1259)
... Removed 22 stack frames]]>
    </failure>
  </testcase> <!-- @BeforeClass setUp -->
  <testcase name="@AfterClass tearDown" time="0.0" classname="ati.website.BaseClass">
    <skipped/>
  </testcase> <!-- @AfterClass tearDown -->
  <testcase name="@BeforeClass setUp" time="-1.654005791299E9" classname="ati.website.BaseClass">
    <failure type="org.testng.TestNGException" message="
Parameter &amp;apos;browser&amp;apos; is required by BeforeClass on method setUp but has not been marked @Optional or defined
in C:\Users\dhano\Desktop\eclipse-workspace\SeleniumOperations\ati.xml">
      <![CDATA[org.testng.TestNGException: 
Parameter 'browser' is required by BeforeClass on method setUp but has not been marked @Optional or defined
in C:\Users\dhano\Desktop\eclipse-workspace\SeleniumOperations\ati.xml
at java.util.ArrayList.forEach(ArrayList.java:1259)
... Removed 22 stack frames]]>
    </failure>
  </testcase> <!-- @BeforeClass setUp -->
  <testcase name="@AfterClass tearDown" time="0.0" classname="ati.website.BaseClass">
    <skipped/>
  </testcase> <!-- @AfterClass tearDown -->
  <testcase name="@BeforeClass setUp" time="-1.654005791316E9" classname="ati.website.BaseClass">
    <failure type="org.testng.TestNGException" message="
Parameter &amp;apos;browser&amp;apos; is required by BeforeClass on method setUp but has not been marked @Optional or defined
in C:\Users\dhano\Desktop\eclipse-workspace\SeleniumOperations\ati.xml">
      <![CDATA[org.testng.TestNGException: 
Parameter 'browser' is required by BeforeClass on method setUp but has not been marked @Optional or defined
in C:\Users\dhano\Desktop\eclipse-workspace\SeleniumOperations\ati.xml
at java.util.ArrayList.forEach(ArrayList.java:1259)
... Removed 22 stack frames]]>
    </failure>
  </testcase> <!-- @BeforeClass setUp -->
  <testcase name="@AfterClass tearDown" time="0.0" classname="ati.website.BaseClass">
    <skipped/>
  </testcase> <!-- @AfterClass tearDown -->
  <testcase name="@BeforeClass setUp" time="-1.654005791333E9" classname="ati.website.BaseClass">
    <failure type="org.testng.TestNGException" message="
Parameter &amp;apos;browser&amp;apos; is required by BeforeClass on method setUp but has not been marked @Optional or defined
in C:\Users\dhano\Desktop\eclipse-workspace\SeleniumOperations\ati.xml">
      <![CDATA[org.testng.TestNGException: 
Parameter 'browser' is required by BeforeClass on method setUp but has not been marked @Optional or defined
in C:\Users\dhano\Desktop\eclipse-workspace\SeleniumOperations\ati.xml
at java.util.ArrayList.forEach(ArrayList.java:1259)
... Removed 22 stack frames]]>
    </failure>
  </testcase> <!-- @BeforeClass setUp -->
  <testcase name="@AfterClass tearDown" time="0.0" classname="ati.website.BaseClass">
    <skipped/>
  </testcase> <!-- @AfterClass tearDown -->
  <testcase name="@BeforeClass setUp" time="-1.654005791343E9" classname="ati.website.BaseClass">
    <failure type="org.testng.TestNGException" message="
Parameter &amp;apos;browser&amp;apos; is required by BeforeClass on method setUp but has not been marked @Optional or defined
in C:\Users\dhano\Desktop\eclipse-workspace\SeleniumOperations\ati.xml">
      <![CDATA[org.testng.TestNGException: 
Parameter 'browser' is required by BeforeClass on method setUp but has not been marked @Optional or defined
in C:\Users\dhano\Desktop\eclipse-workspace\SeleniumOperations\ati.xml
at java.util.ArrayList.forEach(ArrayList.java:1259)
... Removed 22 stack frames]]>
    </failure>
  </testcase> <!-- @BeforeClass setUp -->
  <testcase name="@AfterClass tearDown" time="0.0" classname="ati.website.BaseClass">
    <skipped/>
  </testcase> <!-- @AfterClass tearDown -->
  <testcase name="@BeforeClass setUp" time="-1.654005791355E9" classname="ati.website.BaseClass">
    <failure type="org.testng.TestNGException" message="
Parameter &amp;apos;browser&amp;apos; is required by BeforeClass on method setUp but has not been marked @Optional or defined
in C:\Users\dhano\Desktop\eclipse-workspace\SeleniumOperations\ati.xml">
      <![CDATA[org.testng.TestNGException: 
Parameter 'browser' is required by BeforeClass on method setUp but has not been marked @Optional or defined
in C:\Users\dhano\Desktop\eclipse-workspace\SeleniumOperations\ati.xml
at java.util.ArrayList.forEach(ArrayList.java:1259)
... Removed 22 stack frames]]>
    </failure>
  </testcase> <!-- @BeforeClass setUp -->
  <testcase name="@AfterClass tearDown" time="0.0" classname="ati.website.BaseClass">
    <skipped/>
  </testcase> <!-- @AfterClass tearDown -->
  <testcase name="@BeforeClass setUp" time="-1.654005791366E9" classname="ati.website.BaseClass">
    <failure type="org.testng.TestNGException" message="
Parameter &amp;apos;browser&amp;apos; is required by BeforeClass on method setUp but has not been marked @Optional or defined
in C:\Users\dhano\Desktop\eclipse-workspace\SeleniumOperations\ati.xml">
      <![CDATA[org.testng.TestNGException: 
Parameter 'browser' is required by BeforeClass on method setUp but has not been marked @Optional or defined
in C:\Users\dhano\Desktop\eclipse-workspace\SeleniumOperations\ati.xml
at java.util.ArrayList.forEach(ArrayList.java:1259)
... Removed 22 stack frames]]>
    </failure>
  </testcase> <!-- @BeforeClass setUp -->
  <testcase name="@AfterClass tearDown" time="0.0" classname="ati.website.BaseClass">
    <skipped/>
  </testcase> <!-- @AfterClass tearDown -->
  <testcase name="@BeforeClass setUp" time="-1.654005791395E9" classname="ati.website.BaseClass">
    <failure type="org.testng.TestNGException" message="
Parameter &amp;apos;browser&amp;apos; is required by BeforeClass on method setUp but has not been marked @Optional or defined
in C:\Users\dhano\Desktop\eclipse-workspace\SeleniumOperations\ati.xml">
      <![CDATA[org.testng.TestNGException: 
Parameter 'browser' is required by BeforeClass on method setUp but has not been marked @Optional or defined
in C:\Users\dhano\Desktop\eclipse-workspace\SeleniumOperations\ati.xml
at java.util.ArrayList.forEach(ArrayList.java:1259)
... Removed 22 stack frames]]>
    </failure>
  </testcase> <!-- @BeforeClass setUp -->
  <testcase name="@AfterClass tearDown" time="0.0" classname="ati.website.BaseClass">
    <skipped/>
  </testcase> <!-- @AfterClass tearDown -->
  <testcase name="@BeforeClass setUp" time="-1.654005791415E9" classname="ati.website.BaseClass">
    <failure type="org.testng.TestNGException" message="
Parameter &amp;apos;browser&amp;apos; is required by BeforeClass on method setUp but has not been marked @Optional or defined
in C:\Users\dhano\Desktop\eclipse-workspace\SeleniumOperations\ati.xml">
      <![CDATA[org.testng.TestNGException: 
Parameter 'browser' is required by BeforeClass on method setUp but has not been marked @Optional or defined
in C:\Users\dhano\Desktop\eclipse-workspace\SeleniumOperations\ati.xml
at java.util.ArrayList.forEach(ArrayList.java:1259)
... Removed 22 stack frames]]>
    </failure>
  </testcase> <!-- @BeforeClass setUp -->
  <testcase name="@AfterClass tearDown" time="0.0" classname="ati.website.BaseClass">
    <skipped/>
  </testcase> <!-- @AfterClass tearDown -->
  <testcase name="@BeforeClass setUp" time="-1.654005791431E9" classname="ati.website.BaseClass">
    <failure type="org.testng.TestNGException" message="
Parameter &amp;apos;browser&amp;apos; is required by BeforeClass on method setUp but has not been marked @Optional or defined
in C:\Users\dhano\Desktop\eclipse-workspace\SeleniumOperations\ati.xml">
      <![CDATA[org.testng.TestNGException: 
Parameter 'browser' is required by BeforeClass on method setUp but has not been marked @Optional or defined
in C:\Users\dhano\Desktop\eclipse-workspace\SeleniumOperations\ati.xml
at java.util.ArrayList.forEach(ArrayList.java:1259)
... Removed 22 stack frames]]>
    </failure>
  </testcase> <!-- @BeforeClass setUp -->
  <testcase name="@AfterClass tearDown" time="0.0" classname="ati.website.BaseClass">
    <skipped/>
  </testcase> <!-- @AfterClass tearDown -->
  <testcase name="@BeforeClass setUp" time="-1.65400579145E9" classname="ati.website.BaseClass">
    <failure type="org.testng.TestNGException" message="
Parameter &amp;apos;browser&amp;apos; is required by BeforeClass on method setUp but has not been marked @Optional or defined
in C:\Users\dhano\Desktop\eclipse-workspace\SeleniumOperations\ati.xml">
      <![CDATA[org.testng.TestNGException: 
Parameter 'browser' is required by BeforeClass on method setUp but has not been marked @Optional or defined
in C:\Users\dhano\Desktop\eclipse-workspace\SeleniumOperations\ati.xml
at java.util.ArrayList.forEach(ArrayList.java:1259)
... Removed 22 stack frames]]>
    </failure>
  </testcase> <!-- @BeforeClass setUp -->
  <testcase name="@AfterClass tearDown" time="0.0" classname="ati.website.BaseClass">
    <skipped/>
  </testcase> <!-- @AfterClass tearDown -->
  <testcase name="@BeforeClass setUp" time="-1.654005791464E9" classname="ati.website.BaseClass">
    <failure type="org.testng.TestNGException" message="
Parameter &amp;apos;browser&amp;apos; is required by BeforeClass on method setUp but has not been marked @Optional or defined
in C:\Users\dhano\Desktop\eclipse-workspace\SeleniumOperations\ati.xml">
      <![CDATA[org.testng.TestNGException: 
Parameter 'browser' is required by BeforeClass on method setUp but has not been marked @Optional or defined
in C:\Users\dhano\Desktop\eclipse-workspace\SeleniumOperations\ati.xml
at java.util.ArrayList.forEach(ArrayList.java:1259)
... Removed 22 stack frames]]>
    </failure>
  </testcase> <!-- @BeforeClass setUp -->
  <testcase name="@AfterClass tearDown" time="0.0" classname="ati.website.BaseClass">
    <skipped/>
  </testcase> <!-- @AfterClass tearDown -->
  <testcase name="@BeforeClass setUp" time="-1.65400579147E9" classname="ati.website.BaseClass">
    <failure type="org.testng.TestNGException" message="
Parameter &amp;apos;browser&amp;apos; is required by BeforeClass on method setUp but has not been marked @Optional or defined
in C:\Users\dhano\Desktop\eclipse-workspace\SeleniumOperations\ati.xml">
      <![CDATA[org.testng.TestNGException: 
Parameter 'browser' is required by BeforeClass on method setUp but has not been marked @Optional or defined
in C:\Users\dhano\Desktop\eclipse-workspace\SeleniumOperations\ati.xml
at java.util.ArrayList.forEach(ArrayList.java:1259)
... Removed 22 stack frames]]>
    </failure>
  </testcase> <!-- @BeforeClass setUp -->
  <testcase name="@AfterClass tearDown" time="0.0" classname="ati.website.BaseClass">
    <skipped/>
  </testcase> <!-- @AfterClass tearDown -->
  <testcase name="multiplewindow" time="0.0" classname="ati.website.MultipleWindows">
    <skipped/>
  </testcase> <!-- multiplewindow -->
  <testcase name="popup" time="0.001" classname="ati.website.PopUp">
    <skipped/>
  </testcase> <!-- popup -->
  <testcase name="samelementcheckbox" time="0.0" classname="ati.website.SameElementCheckbox">
    <skipped/>
  </testcase> <!-- samelementcheckbox -->
  <testcase name="doubleclickandrightclick" time="0.0" classname="ati.website.DoubleClickAndRightClick">
    <skipped/>
  </testcase> <!-- doubleclickandrightclick -->
  <testcase name="radiobutton" time="0.0" classname="ati.website.RadioButton">
    <skipped/>
  </testcase> <!-- radiobutton -->
  <testcase name="textarea" time="0.0" classname="ati.website.TextArea">
    <skipped/>
  </testcase> <!-- textarea -->
  <testcase name="datepicker" time="0.0" classname="ati.website.DatePicker">
    <skipped/>
  </testcase> <!-- datepicker -->
  <testcase name="checkbox" time="0.001" classname="ati.website.CheckBox">
    <skipped/>
  </testcase> <!-- checkbox -->
  <testcase name="combobox" time="0.001" classname="ati.website.ComboBox">
    <skipped/>
  </testcase> <!-- combobox -->
  <testcase name="textbox" time="0.0" classname="ati.website.TextBox">
    <skipped/>
  </testcase> <!-- textbox -->
  <testcase name="alerts" time="0.0" classname="ati.website.Alerts">
    <skipped/>
  </testcase> <!-- alerts -->
  <testcase name="dropdown" time="0.0" classname="ati.website.DropDown">
    <skipped/>
  </testcase> <!-- dropdown -->
  <testcase name="webtable" time="0.001" classname="ati.website.WebTable">
    <skipped/>
  </testcase> <!-- webtable -->
  <testcase name="iframe" time="0.0" classname="ati.website.IFrame">
    <skipped/>
  </testcase> <!-- iframe -->
  <testcase name="waits" time="0.0" classname="ati.website.Waits">
    <skipped/>
  </testcase> <!-- waits -->
</testsuite> <!-- Test -->
